2021-03-19 18:07:55 INFO  EmployeesRestAPI:36 - *********Started TC001_Get_All_Employees **********
2021-03-19 18:08:01 INFO  EmployeesRestAPI:132 - ***********  Checking Content Lenght**********
2021-03-19 18:08:01 INFO  EmployeesRestAPI:135 - Content Length is==>631
2021-03-19 18:08:01 INFO  EmployeesRestAPI:99 - ***********  Checking Content Type **********
2021-03-19 18:08:01 INFO  EmployeesRestAPI:102 - Content type is ==>application/json
2021-03-19 18:08:01 INFO  EmployeesRestAPI:147 - ***********  Checking Cookies **********
2021-03-19 18:08:01 INFO  EmployeesRestAPI:70 - ***********  Checking Response Time **********
2021-03-19 18:08:01 INFO  EmployeesRestAPI:73 - Response Time is ==>2336
2021-03-19 18:08:01 WARN  EmployeesRestAPI:76 - Response Time is greater than 2000
2021-03-19 18:08:01 INFO  EmployeesRestAPI:48 - ***********  Checking Respose Body **********
2021-03-19 18:08:01 INFO  EmployeesRestAPI:51 - Response Body==>{"status":"success","data":[{"id":1,"employee_name":"Tiger Nixon","employee_salary":320800,"employee_age":61,"profile_image":""},{"id":2,"employee_name":"Garrett Winters","employee_salary":170750,"employee_age":63,"profile_image":""},{"id":3,"employee_name":"Ashton Cox","employee_salary":86000,"employee_age":66,"profile_image":""},{"id":4,"employee_name":"Cedric Kelly","employee_salary":433060,"employee_age":22,"profile_image":""},{"id":5,"employee_name":"Airi Satou","employee_salary":162700,"employee_age":33,"profile_image":""},{"id":6,"employee_name":"Brielle Williamson","employee_salary":372000,"employee_age":61,"profile_image":""},{"id":7,"employee_name":"Herrod Chandler","employee_salary":137500,"employee_age":59,"profile_image":""},{"id":8,"employee_name":"Rhona Davidson","employee_salary":327900,"employee_age":55,"profile_image":""},{"id":9,"employee_name":"Colleen Hurst","employee_salary":205500,"employee_age":39,"profile_image":""},{"id":10,"employee_name":"Sonya Frost","employee_salary":103600,"employee_age":23,"profile_image":""},{"id":11,"employee_name":"Jena Gaines","employee_salary":90560,"employee_age":30,"profile_image":""},{"id":12,"employee_name":"Quinn Flynn","employee_salary":342000,"employee_age":22,"profile_image":""},{"id":13,"employee_name":"Charde Marshall","employee_salary":470600,"employee_age":36,"profile_image":""},{"id":14,"employee_name":"Haley Kennedy","employee_salary":313500,"employee_age":43,"profile_image":""},{"id":15,"employee_name":"Tatyana Fitzpatrick","employee_salary":385750,"employee_age":19,"profile_image":""},{"id":16,"employee_name":"Michael Silva","employee_salary":198500,"employee_age":66,"profile_image":""},{"id":17,"employee_name":"Paul Byrd","employee_salary":725000,"employee_age":64,"profile_image":""},{"id":18,"employee_name":"Gloria Little","employee_salary":237500,"employee_age":59,"profile_image":""},{"id":19,"employee_name":"Bradley Greer","employee_salary":132000,"employee_age":41,"profile_image":""},{"id":20,"employee_name":"Dai Rios","employee_salary":217500,"employee_age":35,"profile_image":""},{"id":21,"employee_name":"Jenette Caldwell","employee_salary":345000,"employee_age":30,"profile_image":""},{"id":22,"employee_name":"Yuri Berry","employee_salary":675000,"employee_age":40,"profile_image":""},{"id":23,"employee_name":"Caesar Vance","employee_salary":106450,"employee_age":21,"profile_image":""},{"id":24,"employee_name":"Doris Wilder","employee_salary":85600,"employee_age":23,"profile_image":""}],"message":"Successfully! All records has been fetched."}
2021-03-19 18:08:02 INFO  EmployeesRestAPI:59 - ***********  Checking Status Code **********
2021-03-19 18:08:02 INFO  EmployeesRestAPI:62 - Status Code is ==>200
2021-03-19 18:08:02 INFO  EmployeesRestAPI:120 - ***********  Checking Content Encoding**********
2021-03-19 18:08:02 INFO  EmployeesRestAPI:123 - Content Encoding is==>gzip
2021-03-19 18:08:02 INFO  EmployeesRestAPI:109 - ***********  Checking Server Type **********
2021-03-19 18:08:02 INFO  EmployeesRestAPI:112 - Server Type is =>nginx/1.16.0
2021-03-19 18:08:02 INFO  EmployeesRestAPI:86 - ***********  Checking Status Line **********
2021-03-19 18:08:02 INFO  EmployeesRestAPI:89 - Status Line is ==>HTTP/1.1 200 OK
2021-03-19 18:08:02 INFO  EmployeesRestAPI:157 - *********  Finished TC001_Get_All_Employees **********
2021-03-19 18:08:02 INFO  EmployeesRestAPI:38 - *********Started TC002_Get_Single_Employee_Record **********
2021-03-19 18:08:10 INFO  EmployeesRestAPI:101 - *********  Finished TC002_Get_Single_Employee_Record **********
2021-03-19 18:08:10 INFO  EmployeesRestAPI:45 - *********Started TC003_Post_Employee_Record **********
2021-03-19 18:08:17 INFO  EmployeesRestAPI:118 - *********  Finished TC003_Post_Employee_Record **********
2021-03-19 18:08:17 INFO  EmployeesRestAPI:44 - *********Started TC004_Put_Employee_Record **********
2021-03-19 18:08:23 INFO  EmployeesRestAPI:118 - *********  Finished TC004_Put_Employee_Record **********
2021-03-19 18:08:23 INFO  EmployeesRestAPI:40 - *********Started TC005_Delete_Employee_Record **********
2021-03-19 18:08:30 INFO  EmployeesRestAPI:105 - *********  Finished TC005_Delete_Employee_Record **********
2021-03-19 18:14:34 INFO  EmployeesRestAPI:36 - *********Started TC001_Get_All_Employees **********
2021-03-19 18:14:43 INFO  EmployeesRestAPI:132 - ***********  Checking Content Lenght**********
2021-03-19 18:14:43 INFO  EmployeesRestAPI:135 - Content Length is==>669
2021-03-19 18:14:43 INFO  EmployeesRestAPI:99 - ***********  Checking Content Type **********
2021-03-19 18:14:43 INFO  EmployeesRestAPI:102 - Content type is ==>text/html; charset=UTF-8
2021-03-19 18:14:43 INFO  EmployeesRestAPI:147 - ***********  Checking Cookies **********
2021-03-19 18:14:43 INFO  EmployeesRestAPI:70 - ***********  Checking Response Time **********
2021-03-19 18:14:43 INFO  EmployeesRestAPI:73 - Response Time is ==>3324
2021-03-19 18:14:43 WARN  EmployeesRestAPI:76 - Response Time is greater than 2000
2021-03-19 18:14:43 INFO  EmployeesRestAPI:48 - ***********  Checking Respose Body **********
2021-03-19 18:14:43 INFO  EmployeesRestAPI:51 - Response Body==><!DOCTYPE html>
<html lang="en">
    <head><meta charset="utf-8">
        
        <meta name="viewport" content="width=device-width, initial-scale=1">

        <title>Too Many Requests</title>

        <!-- Fonts -->
        <link rel="dns-prefetch" href="//fonts.gstatic.com">
        <link href="https://fonts.googleapis.com/css?family=Nunito" rel="stylesheet">

        <!-- Styles -->
        <style>
            html, body {
                background-color: #fff;
                color: #636b6f;
                font-family: 'Nunito', sans-serif;
                font-weight: 100;
                height: 100vh;
                margin: 0;
            }

            .full-height {
                height: 100vh;
            }

            .flex-center {
                align-items: center;
                display: flex;
                justify-content: center;
            }

            .position-ref {
                position: relative;
            }

            .code {
                border-right: 2px solid;
                font-size: 26px;
                padding: 0 15px 0 15px;
                text-align: center;
            }

            .message {
                font-size: 18px;
                text-align: center;
            }
        </style>
    </head>
    <body>
        <div class="flex-center position-ref full-height">
            <div class="code">
                429            </div>

            <div class="message" style="padding: 10px;">
                Too Many Requests            </div>
        </div>
    <script type="text/javascript" onload="__ezcl.handle(true);" async src="/utilcave_com/inc/ezcl.webp?cb=4"></script></body>
</html>

2021-03-19 18:14:43 INFO  EmployeesRestAPI:59 - ***********  Checking Status Code **********
2021-03-19 18:14:43 INFO  EmployeesRestAPI:62 - Status Code is ==>429
2021-03-19 18:14:43 INFO  EmployeesRestAPI:120 - ***********  Checking Content Encoding**********
2021-03-19 18:14:43 INFO  EmployeesRestAPI:123 - Content Encoding is==>gzip
2021-03-19 18:14:43 INFO  EmployeesRestAPI:109 - ***********  Checking Server Type **********
2021-03-19 18:14:43 INFO  EmployeesRestAPI:112 - Server Type is =>nginx/1.16.0
2021-03-19 18:14:43 INFO  EmployeesRestAPI:86 - ***********  Checking Status Line **********
2021-03-19 18:14:43 INFO  EmployeesRestAPI:89 - Status Line is ==>HTTP/1.1 429 Too Many Requests
2021-03-19 18:14:43 INFO  EmployeesRestAPI:157 - *********  Finished TC001_Get_All_Employees **********
2021-03-19 18:14:43 INFO  EmployeesRestAPI:38 - *********Started TC002_Get_Single_Employee_Record **********
2021-03-19 18:14:51 INFO  EmployeesRestAPI:95 - *********  Finished TC002_Get_Single_Employee_Record **********
2021-03-19 18:14:51 INFO  EmployeesRestAPI:45 - *********Started TC003_Post_Employee_Record **********
2021-03-19 18:14:58 INFO  EmployeesRestAPI:113 - *********  Finished TC003_Post_Employee_Record **********
2021-03-19 18:14:58 INFO  EmployeesRestAPI:44 - *********Started TC004_Put_Employee_Record **********
2021-03-19 18:15:04 INFO  EmployeesRestAPI:113 - *********  Finished TC004_Put_Employee_Record **********
2021-03-19 18:15:04 INFO  EmployeesRestAPI:38 - *********Started TC005_Delete_Employee_Record **********
2021-03-19 18:15:10 INFO  EmployeesRestAPI:90 - *********  Finished TC005_Delete_Employee_Record **********
2021-03-19 18:22:05 INFO  EmployeesRestAPI:36 - *********Started TC001_Get_All_Employees **********
2021-03-19 18:22:11 INFO  EmployeesRestAPI:132 - ***********  Checking Content Lenght**********
2021-03-19 18:22:11 INFO  EmployeesRestAPI:135 - Content Length is==>631
2021-03-19 18:22:11 INFO  EmployeesRestAPI:99 - ***********  Checking Content Type **********
2021-03-19 18:22:11 INFO  EmployeesRestAPI:102 - Content type is ==>application/json
2021-03-19 18:22:12 INFO  EmployeesRestAPI:147 - ***********  Checking Cookies **********
2021-03-19 18:22:12 INFO  EmployeesRestAPI:70 - ***********  Checking Response Time **********
2021-03-19 18:22:12 INFO  EmployeesRestAPI:73 - Response Time is ==>2435
2021-03-19 18:22:12 WARN  EmployeesRestAPI:76 - Response Time is greater than 2000
2021-03-19 18:22:12 INFO  EmployeesRestAPI:48 - ***********  Checking Respose Body **********
2021-03-19 18:22:12 INFO  EmployeesRestAPI:51 - Response Body==>{"status":"success","data":[{"id":1,"employee_name":"Tiger Nixon","employee_salary":320800,"employee_age":61,"profile_image":""},{"id":2,"employee_name":"Garrett Winters","employee_salary":170750,"employee_age":63,"profile_image":""},{"id":3,"employee_name":"Ashton Cox","employee_salary":86000,"employee_age":66,"profile_image":""},{"id":4,"employee_name":"Cedric Kelly","employee_salary":433060,"employee_age":22,"profile_image":""},{"id":5,"employee_name":"Airi Satou","employee_salary":162700,"employee_age":33,"profile_image":""},{"id":6,"employee_name":"Brielle Williamson","employee_salary":372000,"employee_age":61,"profile_image":""},{"id":7,"employee_name":"Herrod Chandler","employee_salary":137500,"employee_age":59,"profile_image":""},{"id":8,"employee_name":"Rhona Davidson","employee_salary":327900,"employee_age":55,"profile_image":""},{"id":9,"employee_name":"Colleen Hurst","employee_salary":205500,"employee_age":39,"profile_image":""},{"id":10,"employee_name":"Sonya Frost","employee_salary":103600,"employee_age":23,"profile_image":""},{"id":11,"employee_name":"Jena Gaines","employee_salary":90560,"employee_age":30,"profile_image":""},{"id":12,"employee_name":"Quinn Flynn","employee_salary":342000,"employee_age":22,"profile_image":""},{"id":13,"employee_name":"Charde Marshall","employee_salary":470600,"employee_age":36,"profile_image":""},{"id":14,"employee_name":"Haley Kennedy","employee_salary":313500,"employee_age":43,"profile_image":""},{"id":15,"employee_name":"Tatyana Fitzpatrick","employee_salary":385750,"employee_age":19,"profile_image":""},{"id":16,"employee_name":"Michael Silva","employee_salary":198500,"employee_age":66,"profile_image":""},{"id":17,"employee_name":"Paul Byrd","employee_salary":725000,"employee_age":64,"profile_image":""},{"id":18,"employee_name":"Gloria Little","employee_salary":237500,"employee_age":59,"profile_image":""},{"id":19,"employee_name":"Bradley Greer","employee_salary":132000,"employee_age":41,"profile_image":""},{"id":20,"employee_name":"Dai Rios","employee_salary":217500,"employee_age":35,"profile_image":""},{"id":21,"employee_name":"Jenette Caldwell","employee_salary":345000,"employee_age":30,"profile_image":""},{"id":22,"employee_name":"Yuri Berry","employee_salary":675000,"employee_age":40,"profile_image":""},{"id":23,"employee_name":"Caesar Vance","employee_salary":106450,"employee_age":21,"profile_image":""},{"id":24,"employee_name":"Doris Wilder","employee_salary":85600,"employee_age":23,"profile_image":""}],"message":"Successfully! All records has been fetched."}
2021-03-19 18:22:12 INFO  EmployeesRestAPI:59 - ***********  Checking Status Code **********
2021-03-19 18:22:12 INFO  EmployeesRestAPI:62 - Status Code is ==>200
2021-03-19 18:22:12 INFO  EmployeesRestAPI:120 - ***********  Checking Content Encoding**********
2021-03-19 18:22:12 INFO  EmployeesRestAPI:123 - Content Encoding is==>gzip
2021-03-19 18:22:12 INFO  EmployeesRestAPI:109 - ***********  Checking Server Type **********
2021-03-19 18:22:12 INFO  EmployeesRestAPI:112 - Server Type is =>nginx/1.16.0
2021-03-19 18:22:12 INFO  EmployeesRestAPI:86 - ***********  Checking Status Line **********
2021-03-19 18:22:12 INFO  EmployeesRestAPI:89 - Status Line is ==>HTTP/1.1 200 OK
2021-03-19 18:22:12 INFO  EmployeesRestAPI:157 - *********  Finished TC001_Get_All_Employees **********
2021-03-19 18:22:12 INFO  EmployeesRestAPI:38 - *********Started TC002_Get_Single_Employee_Record **********
2021-03-19 18:22:20 INFO  EmployeesRestAPI:95 - *********  Finished TC002_Get_Single_Employee_Record **********
2021-03-19 18:22:20 INFO  EmployeesRestAPI:45 - *********Started TC003_Post_Employee_Record **********
2021-03-19 18:22:27 INFO  EmployeesRestAPI:115 - *********  Finished TC003_Post_Employee_Record **********
2021-03-19 18:22:28 INFO  EmployeesRestAPI:44 - *********Started TC004_Put_Employee_Record **********
2021-03-19 18:22:34 INFO  EmployeesRestAPI:113 - *********  Finished TC004_Put_Employee_Record **********
2021-03-19 18:22:34 INFO  EmployeesRestAPI:38 - *********Started TC005_Delete_Employee_Record **********
2021-03-19 18:22:42 INFO  EmployeesRestAPI:90 - *********  Finished TC005_Delete_Employee_Record **********
2021-03-19 18:25:09 INFO  EmployeesRestAPI:36 - *********Started TC001_Get_All_Employees **********
2021-03-19 18:25:15 INFO  EmployeesRestAPI:132 - ***********  Checking Content Lenght**********
2021-03-19 18:25:15 INFO  EmployeesRestAPI:135 - Content Length is==>631
2021-03-19 18:25:15 INFO  EmployeesRestAPI:99 - ***********  Checking Content Type **********
2021-03-19 18:25:15 INFO  EmployeesRestAPI:102 - Content type is ==>application/json
2021-03-19 18:25:15 INFO  EmployeesRestAPI:147 - ***********  Checking Cookies **********
2021-03-19 18:25:15 INFO  EmployeesRestAPI:70 - ***********  Checking Response Time **********
2021-03-19 18:25:15 INFO  EmployeesRestAPI:73 - Response Time is ==>2394
2021-03-19 18:25:15 WARN  EmployeesRestAPI:76 - Response Time is greater than 2000
2021-03-19 18:25:15 INFO  EmployeesRestAPI:48 - ***********  Checking Respose Body **********
2021-03-19 18:25:15 INFO  EmployeesRestAPI:51 - Response Body==>{"status":"success","data":[{"id":1,"employee_name":"Tiger Nixon","employee_salary":320800,"employee_age":61,"profile_image":""},{"id":2,"employee_name":"Garrett Winters","employee_salary":170750,"employee_age":63,"profile_image":""},{"id":3,"employee_name":"Ashton Cox","employee_salary":86000,"employee_age":66,"profile_image":""},{"id":4,"employee_name":"Cedric Kelly","employee_salary":433060,"employee_age":22,"profile_image":""},{"id":5,"employee_name":"Airi Satou","employee_salary":162700,"employee_age":33,"profile_image":""},{"id":6,"employee_name":"Brielle Williamson","employee_salary":372000,"employee_age":61,"profile_image":""},{"id":7,"employee_name":"Herrod Chandler","employee_salary":137500,"employee_age":59,"profile_image":""},{"id":8,"employee_name":"Rhona Davidson","employee_salary":327900,"employee_age":55,"profile_image":""},{"id":9,"employee_name":"Colleen Hurst","employee_salary":205500,"employee_age":39,"profile_image":""},{"id":10,"employee_name":"Sonya Frost","employee_salary":103600,"employee_age":23,"profile_image":""},{"id":11,"employee_name":"Jena Gaines","employee_salary":90560,"employee_age":30,"profile_image":""},{"id":12,"employee_name":"Quinn Flynn","employee_salary":342000,"employee_age":22,"profile_image":""},{"id":13,"employee_name":"Charde Marshall","employee_salary":470600,"employee_age":36,"profile_image":""},{"id":14,"employee_name":"Haley Kennedy","employee_salary":313500,"employee_age":43,"profile_image":""},{"id":15,"employee_name":"Tatyana Fitzpatrick","employee_salary":385750,"employee_age":19,"profile_image":""},{"id":16,"employee_name":"Michael Silva","employee_salary":198500,"employee_age":66,"profile_image":""},{"id":17,"employee_name":"Paul Byrd","employee_salary":725000,"employee_age":64,"profile_image":""},{"id":18,"employee_name":"Gloria Little","employee_salary":237500,"employee_age":59,"profile_image":""},{"id":19,"employee_name":"Bradley Greer","employee_salary":132000,"employee_age":41,"profile_image":""},{"id":20,"employee_name":"Dai Rios","employee_salary":217500,"employee_age":35,"profile_image":""},{"id":21,"employee_name":"Jenette Caldwell","employee_salary":345000,"employee_age":30,"profile_image":""},{"id":22,"employee_name":"Yuri Berry","employee_salary":675000,"employee_age":40,"profile_image":""},{"id":23,"employee_name":"Caesar Vance","employee_salary":106450,"employee_age":21,"profile_image":""},{"id":24,"employee_name":"Doris Wilder","employee_salary":85600,"employee_age":23,"profile_image":""}],"message":"Successfully! All records has been fetched."}
2021-03-19 18:25:15 INFO  EmployeesRestAPI:59 - ***********  Checking Status Code **********
2021-03-19 18:25:15 INFO  EmployeesRestAPI:62 - Status Code is ==>200
2021-03-19 18:25:15 INFO  EmployeesRestAPI:120 - ***********  Checking Content Encoding**********
2021-03-19 18:25:15 INFO  EmployeesRestAPI:123 - Content Encoding is==>gzip
2021-03-19 18:25:15 INFO  EmployeesRestAPI:109 - ***********  Checking Server Type **********
2021-03-19 18:25:15 INFO  EmployeesRestAPI:112 - Server Type is =>nginx/1.16.0
2021-03-19 18:25:15 INFO  EmployeesRestAPI:86 - ***********  Checking Status Line **********
2021-03-19 18:25:15 INFO  EmployeesRestAPI:89 - Status Line is ==>HTTP/1.1 200 OK
2021-03-19 18:25:15 INFO  EmployeesRestAPI:157 - *********  Finished TC001_Get_All_Employees **********
2021-03-19 18:25:15 INFO  EmployeesRestAPI:38 - *********Started TC002_Get_Single_Employee_Record **********
2021-03-19 18:25:24 INFO  EmployeesRestAPI:95 - *********  Finished TC002_Get_Single_Employee_Record **********
2021-03-19 18:25:24 INFO  EmployeesRestAPI:45 - *********Started TC003_Post_Employee_Record **********
2021-03-19 18:25:31 INFO  EmployeesRestAPI:115 - *********  Finished TC003_Post_Employee_Record **********
2021-03-19 18:25:31 INFO  EmployeesRestAPI:44 - *********Started TC004_Put_Employee_Record **********
2021-03-19 18:25:37 INFO  EmployeesRestAPI:113 - *********  Finished TC004_Put_Employee_Record **********
2021-03-19 18:25:37 INFO  EmployeesRestAPI:38 - *********Started TC005_Delete_Employee_Record **********
2021-09-25 13:31:36 INFO  EmployeesRestAPI:36 - *********Started TC001_Get_All_Employees **********
2021-09-25 13:31:42 INFO  EmployeesRestAPI:132 - ***********  Checking Content Lenght**********
2021-09-25 13:31:42 INFO  EmployeesRestAPI:135 - Content Length is==>631
2021-09-25 13:31:42 INFO  EmployeesRestAPI:99 - ***********  Checking Content Type **********
2021-09-25 13:31:42 INFO  EmployeesRestAPI:102 - Content type is ==>application/json
2021-09-25 13:31:42 INFO  EmployeesRestAPI:147 - ***********  Checking Cookies **********
2021-09-25 13:31:42 INFO  EmployeesRestAPI:70 - ***********  Checking Response Time **********
2021-09-25 13:31:42 INFO  EmployeesRestAPI:73 - Response Time is ==>3417
2021-09-25 13:31:42 WARN  EmployeesRestAPI:76 - Response Time is greater than 2000
2021-09-25 13:31:42 INFO  EmployeesRestAPI:48 - ***********  Checking Respose Body **********
2021-09-25 13:31:42 INFO  EmployeesRestAPI:51 - Response Body==>{"status":"success","data":[{"id":1,"employee_name":"Tiger Nixon","employee_salary":320800,"employee_age":61,"profile_image":""},{"id":2,"employee_name":"Garrett Winters","employee_salary":170750,"employee_age":63,"profile_image":""},{"id":3,"employee_name":"Ashton Cox","employee_salary":86000,"employee_age":66,"profile_image":""},{"id":4,"employee_name":"Cedric Kelly","employee_salary":433060,"employee_age":22,"profile_image":""},{"id":5,"employee_name":"Airi Satou","employee_salary":162700,"employee_age":33,"profile_image":""},{"id":6,"employee_name":"Brielle Williamson","employee_salary":372000,"employee_age":61,"profile_image":""},{"id":7,"employee_name":"Herrod Chandler","employee_salary":137500,"employee_age":59,"profile_image":""},{"id":8,"employee_name":"Rhona Davidson","employee_salary":327900,"employee_age":55,"profile_image":""},{"id":9,"employee_name":"Colleen Hurst","employee_salary":205500,"employee_age":39,"profile_image":""},{"id":10,"employee_name":"Sonya Frost","employee_salary":103600,"employee_age":23,"profile_image":""},{"id":11,"employee_name":"Jena Gaines","employee_salary":90560,"employee_age":30,"profile_image":""},{"id":12,"employee_name":"Quinn Flynn","employee_salary":342000,"employee_age":22,"profile_image":""},{"id":13,"employee_name":"Charde Marshall","employee_salary":470600,"employee_age":36,"profile_image":""},{"id":14,"employee_name":"Haley Kennedy","employee_salary":313500,"employee_age":43,"profile_image":""},{"id":15,"employee_name":"Tatyana Fitzpatrick","employee_salary":385750,"employee_age":19,"profile_image":""},{"id":16,"employee_name":"Michael Silva","employee_salary":198500,"employee_age":66,"profile_image":""},{"id":17,"employee_name":"Paul Byrd","employee_salary":725000,"employee_age":64,"profile_image":""},{"id":18,"employee_name":"Gloria Little","employee_salary":237500,"employee_age":59,"profile_image":""},{"id":19,"employee_name":"Bradley Greer","employee_salary":132000,"employee_age":41,"profile_image":""},{"id":20,"employee_name":"Dai Rios","employee_salary":217500,"employee_age":35,"profile_image":""},{"id":21,"employee_name":"Jenette Caldwell","employee_salary":345000,"employee_age":30,"profile_image":""},{"id":22,"employee_name":"Yuri Berry","employee_salary":675000,"employee_age":40,"profile_image":""},{"id":23,"employee_name":"Caesar Vance","employee_salary":106450,"employee_age":21,"profile_image":""},{"id":24,"employee_name":"Doris Wilder","employee_salary":85600,"employee_age":23,"profile_image":""}],"message":"Successfully! All records has been fetched."}
2021-09-25 13:31:42 INFO  EmployeesRestAPI:59 - ***********  Checking Status Code **********
2021-09-25 13:31:42 INFO  EmployeesRestAPI:62 - Status Code is ==>200
2021-09-25 13:31:42 INFO  EmployeesRestAPI:120 - ***********  Checking Content Encoding**********
2021-09-25 13:31:42 INFO  EmployeesRestAPI:123 - Content Encoding is==>gzip
2021-09-25 13:31:42 INFO  EmployeesRestAPI:109 - ***********  Checking Server Type **********
2021-09-25 13:31:42 INFO  EmployeesRestAPI:112 - Server Type is =>cloudflare
2021-09-25 13:31:42 INFO  EmployeesRestAPI:86 - ***********  Checking Status Line **********
2021-09-25 13:31:42 INFO  EmployeesRestAPI:89 - Status Line is ==>HTTP/1.1 200 OK
2021-09-25 13:31:42 INFO  EmployeesRestAPI:157 - *********  Finished TC001_Get_All_Employees **********
2021-09-25 13:31:42 INFO  EmployeesRestAPI:38 - *********Started TC002_Get_Single_Employee_Record **********
2021-09-25 13:31:50 INFO  EmployeesRestAPI:95 - *********  Finished TC002_Get_Single_Employee_Record **********
2021-09-25 13:31:50 INFO  EmployeesRestAPI:45 - *********Started TC003_Post_Employee_Record **********
2021-09-25 13:31:56 INFO  EmployeesRestAPI:115 - *********  Finished TC003_Post_Employee_Record **********
2021-09-25 13:31:56 INFO  EmployeesRestAPI:44 - *********Started TC004_Put_Employee_Record **********
2021-09-25 13:32:02 INFO  EmployeesRestAPI:113 - *********  Finished TC004_Put_Employee_Record **********
2021-09-25 13:32:02 INFO  EmployeesRestAPI:38 - *********Started TC005_Delete_Employee_Record **********
2021-09-25 13:32:09 INFO  EmployeesRestAPI:85 - *********  Finished TC005_Delete_Employee_Record **********
